1611788912935	geckodriver	INFO	Listening on 127.0.0.1:53871
1611788915830	mozrunner::runner	INFO	Running command: "C:\\Program Files (x86)\\Mozilla Firefox\\firefox.exe" "--marionette" "-foreground" "-no-remote" "-profile" "C:\\Users\\lucar\\AppData\\Local\\Temp\\rust_mozprofileuqx5wT"
1611788931659	addons.webextension.screenshots@mozilla.org	WARN	Loading extension 'screenshots@mozilla.org': Reading manifest: Invalid extension permission: mozillaAddons
1611788931667	addons.webextension.screenshots@mozilla.org	WARN	Loading extension 'screenshots@mozilla.org': Reading manifest: Invalid extension permission: resource://pdf.js/
1611788931667	addons.webextension.screenshots@mozilla.org	WARN	Loading extension 'screenshots@mozilla.org': Reading manifest: Invalid extension permission: about:reader*
console.error: "Could not write session state file " (new Error("_initWorker called too early! Please read the session file from disk first.", "resource:///modules/sessionstore/SessionFile.jsm", 334)) "_initWorker/<@resource:///modules/sessionstore/SessionFile.jsm:334:15\n_initWorker@resource:///modules/sessionstore/SessionFile.jsm:327:12\n_postToWorker@resource:///modules/sessionstore/SessionFile.jsm:351:16\nwrite@resource:///modules/sessionstore/SessionFile.jsm:390:24\nwrite@resource:///modules/sessionstore/SessionFile.jsm:63:32\n_writeState@resource:///modules/sessionstore/SessionSaver.jsm:354:24\n_saveState@resource:///modules/sessionstore/SessionSaver.jsm:292:17\n_saveStateAsync@resource:///modules/sessionstore/SessionSaver.jsm:338:10\nsaveStateAsyncWhenIdle@resource:///modules/sessionstore/SessionSaver.jsm:189:14\ncallback@resource://gre/modules/Timer.jsm:100:7\n"
A content process crashed and MOZ_CRASHREPORTER_SHUTDOWN is set, shutting down
JavaScript error: resource://activity-stream/lib/ActivityStreamPrefs.jsm, line 23: NS_ERROR_ILLEGAL_VALUE: Component returned failure code: 0x80070057 (NS_ERROR_ILLEGAL_VALUE) [nsIPrefBranch.removeObserver]
[GFX1-]: WMF VPX decoder just crashed; hardware video will be disabled.
[Parent 13824, Gecko_IOThread] WARNING: pipe error: 109: file z:/task_1560988628/build/src/ipc/chromium/src/chrome/common/ipc_channel_win.cc, line 341
[Parent 13824, Gecko_IOThread] WARNING: pipe error: 109: file z:/task_1560988628/build/src/ipc/chromium/src/chrome/common/ipc_channel_win.cc, line 341
[Child 10868, Chrome_ChildThread] WARNING: pipe error: 109: file z:/task_1560988628/build/src/ipc/chromium/src/chrome/common/ipc_channel_win.cc, line 341
[Child 10868, Chrome_ChildThread] WARNING: pipe error: 109: file z:/task_1560988628/build/src/ipc/chromium/src/chrome/common/ipc_channel_win.cc, line 341
[Child 8320, Chrome_ChildThread] WARNING: pipe error: 109: file z:/task_1560988628/build/src/ipc/chromium/src/chrome/common/ipc_channel_win.cc, line 341
1611788969171	Marionette	INFO	Listening on port 53879
1611788971383	Marionette	INFO	Stopped listening on port 53879
[GPU 1664, Chrome_ChildThread] WARNING: pipe error: 109: file z:/task_1560988628/build/src/ipc/chromium/src/chrome/common/ipc_channel_win.cc, line 341

###!!! [Child][RunMessage] Error: Channel closing: too late to send/recv, messages will be lost

1611789834541	geckodriver	INFO	Listening on 127.0.0.1:54119
1611789837292	mozrunner::runner	INFO	Running command: "C:\\Program Files (x86)\\Mozilla Firefox\\firefox.exe" "--marionette" "-foreground" "-no-remote" "-profile" "C:\\Users\\lucar\\AppData\\Local\\Temp\\rust_mozprofile2SJ8Sg"
1611789845641	addons.webextension.screenshots@mozilla.org	WARN	Loading extension 'screenshots@mozilla.org': Reading manifest: Invalid extension permission: mozillaAddons
1611789845642	addons.webextension.screenshots@mozilla.org	WARN	Loading extension 'screenshots@mozilla.org': Reading manifest: Invalid extension permission: resource://pdf.js/
1611789845645	addons.webextension.screenshots@mozilla.org	WARN	Loading extension 'screenshots@mozilla.org': Reading manifest: Invalid extension permission: about:reader*
console.error: "Could not write session state file " (new Error("_initWorker called too early! Please read the session file from disk first.", "resource:///modules/sessionstore/SessionFile.jsm", 334)) "_initWorker/<@resource:///modules/sessionstore/SessionFile.jsm:334:15\n_initWorker@resource:///modules/sessionstore/SessionFile.jsm:327:12\n_postToWorker@resource:///modules/sessionstore/SessionFile.jsm:351:16\nwrite@resource:///modules/sessionstore/SessionFile.jsm:390:24\nwrite@resource:///modules/sessionstore/SessionFile.jsm:63:32\n_writeState@resource:///modules/sessionstore/SessionSaver.jsm:354:24\n_saveState@resource:///modules/sessionstore/SessionSaver.jsm:292:17\n_saveStateAsync@resource:///modules/sessionstore/SessionSaver.jsm:338:10\nsaveStateAsyncWhenIdle@resource:///modules/sessionstore/SessionSaver.jsm:189:14\ncallback@resource://gre/modules/Timer.jsm:100:7\n"
1611789868241	Marionette	INFO	Listening on port 54127
[Child 13276, Chrome_ChildThread] WARNING: pipe error: 109: file z:/task_1560988628/build/src/ipc/chromium/src/chrome/common/ipc_channel_win.cc, line 341
1611789868579	Marionette	WARN	TLS certificate errors will be ignored for this session
1611789872485	Marionette	INFO	Stopped listening on port 54127
[Child 2996, Chrome_ChildThread] WARNING: pipe error: 109: file z:/task_1560988628/build/src/ipc/chromium/src/chrome/common/ipc_channel_win.cc, line 341
[Child 2996, Chrome_ChildThread] WARNING: pipe error: 109: file z:/task_1560988628/build/src/ipc/chromium/src/chrome/common/ipc_channel_win.cc, line 341
[Child 1132, Chrome_ChildThread] WARNING: pipe error: 109: file z:/task_1560988628/build/src/ipc/chromium/src/chrome/common/ipc_channel_win.cc, line 341

###!!! [Child][MessageChannel] Error: (msgtype=0x530005,name=PHttpChannel::Msg_Cancel) Closed channel: cannot send/recv

[Parent 12240, Gecko_IOThread] WARNING: pipe error: 109: file z:/task_1560988628/build/src/ipc/chromium/src/chrome/common/ipc_channel_win.cc, line 341
[GPU 2132, Chrome_ChildThread] WARNING: pipe error: 109: file z:/task_1560988628/build/src/ipc/chromium/src/chrome/common/ipc_channel_win.cc, line 341

###!!! [Child][RunMessage] Error: Channel closing: too late to send/recv, messages will be lost

