1614918401615	geckodriver	INFO	Listening on 127.0.0.1:50112
1614918404926	mozrunner::runner	INFO	Running command: "C:\\Program Files (x86)\\Mozilla Firefox\\firefox.exe" "--marionette" "-foreground" "-no-remote" "-profile" "C:\\Users\\lucar\\AppData\\Local\\robocorp\\temp\\e609df246de194c4\\rust_mozprofile1kuRAh"
1614918420920	addons.webextension.screenshots@mozilla.org	WARN	Loading extension 'screenshots@mozilla.org': Reading manifest: Invalid extension permission: mozillaAddons
1614918420921	addons.webextension.screenshots@mozilla.org	WARN	Loading extension 'screenshots@mozilla.org': Reading manifest: Invalid extension permission: resource://pdf.js/
1614918420936	addons.webextension.screenshots@mozilla.org	WARN	Loading extension 'screenshots@mozilla.org': Reading manifest: Invalid extension permission: about:reader*
[Child 10464, Chrome_ChildThread] WARNING: pipe error: 109: file z:/task_1560988628/build/src/ipc/chromium/src/chrome/common/ipc_channel_win.cc, line 341
[Child 10464, Chrome_ChildThread] WARNING: pipe error: 109: file z:/task_1560988628/build/src/ipc/chromium/src/chrome/common/ipc_channel_win.cc, line 341
1614918463978	Marionette	INFO	Listening on port 50120
1614918464461	Marionette	WARN	TLS certificate errors will be ignored for this session
console.error: BroadcastService: 
  receivedBroadcastMessage: handler for
  remote-settings/monitor_changes
  threw error:
  Message: Error: Polling for changes failed: http://%(server)s/dummy/blocklist//buckets/monitor/collections/changes/records?_expected=%221614909446636%22 is not a valid URL..
  Stack:
    remoteSettingsFunction/remoteSettings.pollChanges@resource://services-settings/remote-settings.js:203:13

1614918477668	Marionette	INFO	Stopped listening on port 50120
[Parent 11744, Gecko_IOThread] WARNING: pipe error: 109: file z:/task_1560988628/build/src/ipc/chromium/src/chrome/common/ipc_channel_win.cc, line 341
[Child 11040, Chrome_ChildThread] WARNING: pipe error: 109: file z:/task_1560988628/build/src/ipc/chromium/src/chrome/common/ipc_channel_win.cc, line 341
[Child 11040, Chrome_ChildThread] WARNING: pipe error: 109: file z:/task_1560988628/build/src/ipc/chromium/src/chrome/common/ipc_channel_win.cc, line 341
[Child 8380, Chrome_ChildThread] WARNING: pipe error: 109: file z:/task_1560988628/build/src/ipc/chromium/src/chrome/common/ipc_channel_win.cc, line 341
[Child 8380, Chrome_ChildThread] WARNING: pipe error: 109: file z:/task_1560988628/build/src/ipc/chromium/src/chrome/common/ipc_channel_win.cc, line 341
[GPU 7112, Chrome_ChildThread] WARNING: pipe error: 109: file z:/task_1560988628/build/src/ipc/chromium/src/chrome/common/ipc_channel_win.cc, line 341

###!!! [Parent][RunMessage] Error: Channel closing: too late to send/recv, messages will be lost


###!!! [Parent][DispatchAsyncMessage] Error: PClientSource::Msg_Teardown Route error: message sent to unknown actor ID


###!!! [Parent][RunMessage] Error: Channel closing: too late to send/recv, messages will be lost


###!!! [Parent][RunMessage] Error: Channel closing: too late to send/recv, messages will be lost


###!!! [Parent][RunMessage] Error: Channel closing: too late to send/recv, messages will be lost


###!!! [Parent][RunMessage] Error: Channel closing: too late to send/recv, messages will be lost


###!!! [Parent][RunMessage] Error: Channel closing: too late to send/recv, messages will be lost


###!!! [Parent][RunMessage] Error: Channel closing: too late to send/recv, messages will be lost


###!!! [Parent][RunMessage] Error: Channel closing: too late to send/recv, messages will be lost

1614918713565	geckodriver	INFO	Listening on 127.0.0.1:50272
1614918716495	mozrunner::runner	INFO	Running command: "C:\\Program Files (x86)\\Mozilla Firefox\\firefox.exe" "--marionette" "-foreground" "-no-remote" "-profile" "C:\\Users\\lucar\\AppData\\Local\\robocorp\\temp\\0b437fe45d75ffcf\\rust_mozprofileyfrtII"
1614918727307	addons.webextension.screenshots@mozilla.org	WARN	Loading extension 'screenshots@mozilla.org': Reading manifest: Invalid extension permission: mozillaAddons
1614918727309	addons.webextension.screenshots@mozilla.org	WARN	Loading extension 'screenshots@mozilla.org': Reading manifest: Invalid extension permission: resource://pdf.js/
1614918727323	addons.webextension.screenshots@mozilla.org	WARN	Loading extension 'screenshots@mozilla.org': Reading manifest: Invalid extension permission: about:reader*
1614918808427	geckodriver	INFO	Listening on 127.0.0.1:50368
1614918811438	mozrunner::runner	INFO	Running command: "C:\\Program Files (x86)\\Mozilla Firefox\\firefox.exe" "--marionette" "-foreground" "-no-remote" "-profile" "C:\\Users\\lucar\\AppData\\Local\\robocorp\\temp\\bee016cfcb69e12a\\rust_mozprofileZ4pqqQ"
1614918814995	addons.webextension.screenshots@mozilla.org	WARN	Loading extension 'screenshots@mozilla.org': Reading manifest: Invalid extension permission: mozillaAddons
1614918814996	addons.webextension.screenshots@mozilla.org	WARN	Loading extension 'screenshots@mozilla.org': Reading manifest: Invalid extension permission: resource://pdf.js/
1614918814996	addons.webextension.screenshots@mozilla.org	WARN	Loading extension 'screenshots@mozilla.org': Reading manifest: Invalid extension permission: about:reader*
[Child 11276, Chrome_ChildThread] WARNING: pipe error: 109: file z:/task_1560988628/build/src/ipc/chromium/src/chrome/common/ipc_channel_win.cc, line 341
[Child 11276, Chrome_ChildThread] WARNING: pipe error: 109: file z:/task_1560988628/build/src/ipc/chromium/src/chrome/common/ipc_channel_win.cc, line 341
[Parent 1396, Gecko_IOThread] WARNING: file z:/task_1560988628/build/src/ipc/chromium/src/base/process_util_win.cc, line 160
1614918840969	Marionette	INFO	Listening on port 50376
1614918841389	Marionette	WARN	TLS certificate errors will be ignored for this session
1614918851907	Marionette	INFO	Stopped listening on port 50376
[Child 11512, Chrome_ChildThread] WARNING: pipe error: 109: file z:/task_1560988628/build/src/ipc/chromium/src/chrome/common/ipc_channel_win.cc, line 341
[Child 11512, Chrome_ChildThread] WARNING: pipe error: 109: file z:/task_1560988628/build/src/ipc/chromium/src/chrome/common/ipc_channel_win.cc, line 341
[Child 11564, Chrome_ChildThread] WARNING: pipe error: 109: file z:/task_1560988628/build/src/ipc/chromium/src/chrome/common/ipc_channel_win.cc, line 341

###!!! [Child][MessageChannel] Error: (msgtype=0x530005,name=PHttpChannel::Msg_Cancel) Closed channel: cannot send/recv

[Parent 1396, Gecko_IOThread] WARNING: pipe error: 109: file z:/task_1560988628/build/src/ipc/chromium/src/chrome/common/ipc_channel_win.cc, line 341

###!!! [Child][RunMessage] Error: Channel closing: too late to send/recv, messages will be lost

1614919049450	geckodriver	INFO	Listening on 127.0.0.1:50496
1614919052414	mozrunner::runner	INFO	Running command: "C:\\Program Files (x86)\\Mozilla Firefox\\firefox.exe" "--marionette" "-foreground" "-no-remote" "-profile" "C:\\Users\\lucar\\AppData\\Local\\robocorp\\temp\\8d12922f7912b8c1\\rust_mozprofileHWzK87"
1614919057483	addons.webextension.screenshots@mozilla.org	WARN	Loading extension 'screenshots@mozilla.org': Reading manifest: Invalid extension permission: mozillaAddons
1614919057484	addons.webextension.screenshots@mozilla.org	WARN	Loading extension 'screenshots@mozilla.org': Reading manifest: Invalid extension permission: resource://pdf.js/
1614919057485	addons.webextension.screenshots@mozilla.org	WARN	Loading extension 'screenshots@mozilla.org': Reading manifest: Invalid extension permission: about:reader*
[Child 4896, Chrome_ChildThread] WARNING: pipe error: 109: file z:/task_1560988628/build/src/ipc/chromium/src/chrome/common/ipc_channel_win.cc, line 341
1614919067797	Marionette	INFO	Listening on port 50504
1614919068245	Marionette	WARN	TLS certificate errors will be ignored for this session
1614919077293	Marionette	INFO	Stopped listening on port 50504
[Child 2448, Chrome_ChildThread] WARNING: pipe error: 109: file z:/task_1560988628/build/src/ipc/chromium/src/chrome/common/ipc_channel_win.cc, line 341
[Child 2448, Chrome_ChildThread] WARNING: pipe error: 109: file z:/task_1560988628/build/src/ipc/chromium/src/chrome/common/ipc_channel_win.cc, line 341
[Parent 2144, Gecko_IOThread] WARNING: pipe error: 109: file z:/task_1560988628/build/src/ipc/chromium/src/chrome/common/ipc_channel_win.cc, line 341
[Child 9384, Chrome_ChildThread] WARNING: pipe error: 109: file z:/task_1560988628/build/src/ipc/chromium/src/chrome/common/ipc_channel_win.cc, line 341

###!!! [Child][RunMessage] Error: Channel closing: too late to send/recv, messages will be lost

[GPU 11228, Chrome_ChildThread] WARNING: pipe error: 109: file z:/task_1560988628/build/src/ipc/chromium/src/chrome/common/ipc_channel_win.cc, line 341

###!!! [Child][MessageChannel::SendAndWait] Error: Channel error: cannot send/recv

1615198956644	geckodriver	INFO	Listening on 127.0.0.1:56552
1615198959613	mozrunner::runner	INFO	Running command: "C:\\Program Files (x86)\\Mozilla Firefox\\firefox.exe" "--marionette" "-foreground" "-no-remote" "-profile" "C:\\Users\\lucar\\AppData\\Local\\robocorp\\temp\\680291a0bc84f050\\rust_mozprofile0oUMoh"
1615198969453	geckodriver	INFO	Listening on 127.0.0.1:56565
1615198972018	mozrunner::runner	INFO	Running command: "C:\\Program Files (x86)\\Mozilla Firefox\\firefox.exe" "--marionette" "--headless" "--disable-gpu" "-foreground" "-no-remote" "-profile" "C:\\Users\\lucar\\AppData\\Local\\robocorp\\temp\\680291a0bc84f050\\rust_mozprofile6OWxcE"
*** You are running in headless mode.
1615198976442	geckodriver	INFO	Listening on 127.0.0.1:56578
1615198979405	mozrunner::runner	INFO	Running command: "C:\\Program Files (x86)\\Mozilla Firefox\\firefox.exe" "--marionette" "--headless" "--disable-gpu" "-foreground" "-no-remote" "-profile" "C:\\Users\\lucar\\AppData\\Local\\robocorp\\temp\\680291a0bc84f050\\rust_mozprofileecXzMa"
*** You are running in headless mode.
1615198988242	addons.webextension.screenshots@mozilla.org	WARN	Loading extension 'screenshots@mozilla.org': Reading manifest: Invalid extension permission: mozillaAddons
1615198988243	addons.webextension.screenshots@mozilla.org	WARN	Loading extension 'screenshots@mozilla.org': Reading manifest: Invalid extension permission: resource://pdf.js/
1615198988270	addons.webextension.screenshots@mozilla.org	WARN	Loading extension 'screenshots@mozilla.org': Reading manifest: Invalid extension permission: about:reader*
1615199021832	Marionette	INFO	Listening on port 56586
1615199022154	Marionette	WARN	TLS certificate errors will be ignored for this session
console.error: BroadcastService: 
  receivedBroadcastMessage: handler for
  remote-settings/monitor_changes
  threw error:
  Message: Error: Polling for changes failed: http://%(server)s/dummy/blocklist//buckets/monitor/collections/changes/records?_expected=%221615190270428%22 is not a valid URL..
  Stack:
    remoteSettingsFunction/remoteSettings.pollChanges@resource://services-settings/remote-settings.js:203:13

JavaScript error: resource://gre/modules/PushServiceWebSocket.jsm, line 307: NS_ERROR_NOT_CONNECTED: Component returned failure code: 0x804b000c (NS_ERROR_NOT_CONNECTED) [nsIWebSocketChannel.sendMsg]
